C:\Program Files (x86)\Microsoft Visual Studio\2019\Community\MSBuild\Microsoft\VC\v160\Microsoft.CppBuild.targets(499,5): warning MSB8004: Output 디렉터리가 슬래시로 끝나지 않습니다. Output 디렉터리의 적절한 평가를 허용하는 데 필요하므로 이 빌드 인스턴스에서 슬래시를 추가합니다.
  stdafx.cpp
  Ballon.cpp
  Basket.cpp
  Bazzi.cpp
C:\Users\wc542\OneDrive\문서\6TeamNetworkGameProgramming\CrazyArcade\111A_API_GameProject\Bazzi.cpp(214,64): warning C4244: '인수': 'int'에서 'float'(으)로 변환하면서 데이터가 손실될 수 있습니다.
C:\Users\wc542\OneDrive\문서\6TeamNetworkGameProgramming\CrazyArcade\111A_API_GameProject\Bazzi.cpp(214,49): warning C4244: '인수': 'int'에서 'float'(으)로 변환하면서 데이터가 손실될 수 있습니다.
  BmpManager.cpp
  Bomb.cpp
  BombWave.cpp
  BossBomb.cpp
  CNetworkStage.cpp
  ClientManager.cpp
  CollidManager.cpp
C:\Users\wc542\OneDrive\문서\6TeamNetworkGameProgramming\CrazyArcade\111A_API_GameProject\CollidManager.cpp(73,50): warning C4244: '인수': 'float'에서 'int'(으)로 변환하면서 데이터가 손실될 수 있습니다.
  CrazyArcade.cpp
  Dao.cpp
C:\Users\wc542\OneDrive\문서\6TeamNetworkGameProgramming\CrazyArcade\111A_API_GameProject\Dao.cpp(209,64): warning C4244: '인수': 'int'에서 'float'(으)로 변환하면서 데이터가 손실될 수 있습니다.
C:\Users\wc542\OneDrive\문서\6TeamNetworkGameProgramming\CrazyArcade\111A_API_GameProject\Dao.cpp(209,49): warning C4244: '인수': 'int'에서 'float'(으)로 변환하면서 데이터가 손실될 수 있습니다.
  Digenie.cpp
C:\Users\wc542\OneDrive\문서\6TeamNetworkGameProgramming\CrazyArcade\111A_API_GameProject\Digenie.cpp(208,64): warning C4244: '인수': 'int'에서 'float'(으)로 변환하면서 데이터가 손실될 수 있습니다.
C:\Users\wc542\OneDrive\문서\6TeamNetworkGameProgramming\CrazyArcade\111A_API_GameProject\Digenie.cpp(208,49): warning C4244: '인수': 'int'에서 'float'(으)로 변환하면서 데이터가 손실될 수 있습니다.
  Flower.cpp
  Grass.cpp
  HMSon.cpp
C:\Users\wc542\OneDrive\문서\6TeamNetworkGameProgramming\CrazyArcade\111A_API_GameProject\HMSon.cpp(282,62): warning C4244: '인수': 'int'에서 'float'(으)로 변환하면서 데이터가 손실될 수 있습니다.
C:\Users\wc542\OneDrive\문서\6TeamNetworkGameProgramming\CrazyArcade\111A_API_GameProject\HMSon.cpp(282,51): warning C4244: '인수': 'int'에서 'float'(으)로 변환하면서 데이터가 손실될 수 있습니다.
C:\Users\wc542\OneDrive\문서\6TeamNetworkGameProgramming\CrazyArcade\111A_API_GameProject\HMSon.cpp(285,57): warning C4244: '인수': 'int'에서 'float'(으)로 변환하면서 데이터가 손실될 수 있습니다.
C:\Users\wc542\OneDrive\문서\6TeamNetworkGameProgramming\CrazyArcade\111A_API_GameProject\HMSon.cpp(285,45): warning C4244: '인수': 'int'에서 'float'(으)로 변환하면서 데이터가 손실될 수 있습니다.
  KeyManager.cpp
  Leaf1.cpp
  Leaf2.cpp
  Line.cpp
  컴파일하고 있습니다...
  LineManager.cpp
  Logo.cpp
  MainGame.cpp
  MaxPotion.cpp
  Mbape.cpp
  Messi.cpp
C:\Users\wc542\OneDrive\문서\6TeamNetworkGameProgramming\CrazyArcade\111A_API_GameProject\Messi.cpp(146,9): warning C4244: '초기화 중': 'float'에서 'int'(으)로 변환하면서 데이터가 손실될 수 있습니다.
  MyBitMap.cpp
  MyEdit.cpp
  MyMenu.cpp
  Obj.cpp
  ObjManager.cpp
C:\Users\wc542\OneDrive\문서\6TeamNetworkGameProgramming\CrazyArcade\111A_API_GameProject\ObjManager.cpp(429,112): warning C4244: '인수': 'int'에서 'float'(으)로 변환하면서 데이터가 손실될 수 있습니다.
C:\Users\wc542\OneDrive\문서\6TeamNetworkGameProgramming\CrazyArcade\111A_API_GameProject\ObjManager.cpp(429,70): warning C4244: '인수': 'int'에서 'float'(으)로 변환하면서 데이터가 손실될 수 있습니다.
C:\Users\wc542\OneDrive\문서\6TeamNetworkGameProgramming\CrazyArcade\111A_API_GameProject\ObjManager.cpp(431,117): warning C4244: '인수': 'int'에서 'float'(으)로 변환하면서 데이터가 손실될 수 있습니다.
C:\Users\wc542\OneDrive\문서\6TeamNetworkGameProgramming\CrazyArcade\111A_API_GameProject\ObjManager.cpp(431,75): warning C4244: '인수': 'int'에서 'float'(으)로 변환하면서 데이터가 손실될 수 있습니다.
C:\Users\wc542\OneDrive\문서\6TeamNetworkGameProgramming\CrazyArcade\111A_API_GameProject\ObjManager.cpp(434,111): warning C4244: '인수': 'int'에서 'float'(으)로 변환하면서 데이터가 손실될 수 있습니다.
C:\Users\wc542\OneDrive\문서\6TeamNetworkGameProgramming\CrazyArcade\111A_API_GameProject\ObjManager.cpp(434,69): warning C4244: '인수': 'int'에서 'float'(으)로 변환하면서 데이터가 손실될 수 있습니다.
C:\Users\wc542\OneDrive\문서\6TeamNetworkGameProgramming\CrazyArcade\111A_API_GameProject\ObjManager.cpp(436,117): warning C4244: '인수': 'int'에서 'float'(으)로 변환하면서 데이터가 손실될 수 있습니다.
C:\Users\wc542\OneDrive\문서\6TeamNetworkGameProgramming\CrazyArcade\111A_API_GameProject\ObjManager.cpp(436,75): warning C4244: '인수': 'int'에서 'float'(으)로 변환하면서 데이터가 손실될 수 있습니다.
C:\Users\wc542\OneDrive\문서\6TeamNetworkGameProgramming\CrazyArcade\111A_API_GameProject\ObjManager.cpp(439,111): warning C4244: '인수': 'int'에서 'float'(으)로 변환하면서 데이터가 손실될 수 있습니다.
C:\Users\wc542\OneDrive\문서\6TeamNetworkGameProgramming\CrazyArcade\111A_API_GameProject\ObjManager.cpp(439,69): warning C4244: '인수': 'int'에서 'float'(으)로 변환하면서 데이터가 손실될 수 있습니다.
C:\Users\wc542\OneDrive\문서\6TeamNetworkGameProgramming\CrazyArcade\111A_API_GameProject\ObjManager.cpp(441,117): warning C4244: '인수': 'int'에서 'float'(으)로 변환하면서 데이터가 손실될 수 있습니다.
C:\Users\wc542\OneDrive\문서\6TeamNetworkGameProgramming\CrazyArcade\111A_API_GameProject\ObjManager.cpp(441,75): warning C4244: '인수': 'int'에서 'float'(으)로 변환하면서 데이터가 손실될 수 있습니다.
C:\Users\wc542\OneDrive\문서\6TeamNetworkGameProgramming\CrazyArcade\111A_API_GameProject\ObjManager.cpp(444,112): warning C4244: '인수': 'int'에서 'float'(으)로 변환하면서 데이터가 손실될 수 있습니다.
C:\Users\wc542\OneDrive\문서\6TeamNetworkGameProgramming\CrazyArcade\111A_API_GameProject\ObjManager.cpp(444,70): warning C4244: '인수': 'int'에서 'float'(으)로 변환하면서 데이터가 손실될 수 있습니다.
C:\Users\wc542\OneDrive\문서\6TeamNetworkGameProgramming\CrazyArcade\111A_API_GameProject\ObjManager.cpp(446,117): warning C4244: '인수': 'int'에서 'float'(으)로 변환하면서 데이터가 손실될 수 있습니다.
C:\Users\wc542\OneDrive\문서\6TeamNetworkGameProgramming\CrazyArcade\111A_API_GameProject\ObjManager.cpp(446,75): warning C4244: '인수': 'int'에서 'float'(으)로 변환하면서 데이터가 손실될 수 있습니다.
C:\Users\wc542\OneDrive\문서\6TeamNetworkGameProgramming\CrazyArcade\111A_API_GameProject\ObjManager.cpp(449,111): warning C4244: '인수': 'int'에서 'float'(으)로 변환하면서 데이터가 손실될 수 있습니다.
C:\Users\wc542\OneDrive\문서\6TeamNetworkGameProgramming\CrazyArcade\111A_API_GameProject\ObjManager.cpp(449,69): warning C4244: '인수': 'int'에서 'float'(으)로 변환하면서 데이터가 손실될 수 있습니다.
C:\Users\wc542\OneDrive\문서\6TeamNetworkGameProgramming\CrazyArcade\111A_API_GameProject\ObjManager.cpp(451,117): warning C4244: '인수': 'int'에서 'float'(으)로 변환하면서 데이터가 손실될 수 있습니다.
C:\Users\wc542\OneDrive\문서\6TeamNetworkGameProgramming\CrazyArcade\111A_API_GameProject\ObjManager.cpp(451,75): warning C4244: '인수': 'int'에서 'float'(으)로 변환하면서 데이터가 손실될 수 있습니다.
C:\Users\wc542\OneDrive\문서\6TeamNetworkGameProgramming\CrazyArcade\111A_API_GameProject\ObjManager.cpp(454,110): warning C4244: '인수': 'int'에서 'float'(으)로 변환하면서 데이터가 손실될 수 있습니다.
C:\Users\wc542\OneDrive\문서\6TeamNetworkGameProgramming\CrazyArcade\111A_API_GameProject\ObjManager.cpp(454,68): warning C4244: '인수': 'int'에서 'float'(으)로 변환하면서 데이터가 손실될 수 있습니다.
C:\Users\wc542\OneDrive\문서\6TeamNetworkGameProgramming\CrazyArcade\111A_API_GameProject\ObjManager.cpp(456,117): warning C4244: '인수': 'int'에서 'float'(으)로 변환하면서 데이터가 손실될 수 있습니다.
C:\Users\wc542\OneDrive\문서\6TeamNetworkGameProgramming\CrazyArcade\111A_API_GameProject\ObjManager.cpp(456,75): warning C4244: '인수': 'int'에서 'float'(으)로 변환하면서 데이터가 손실될 수 있습니다.
C:\Users\wc542\OneDrive\문서\6TeamNetworkGameProgramming\CrazyArcade\111A_API_GameProject\ObjManager.cpp(459,110): warning C4244: '인수': 'int'에서 'float'(으)로 변환하면서 데이터가 손실될 수 있습니다.
C:\Users\wc542\OneDrive\문서\6TeamNetworkGameProgramming\CrazyArcade\111A_API_GameProject\ObjManager.cpp(459,68): warning C4244: '인수': 'int'에서 'float'(으)로 변환하면서 데이터가 손실될 수 있습니다.
C:\Users\wc542\OneDrive\문서\6TeamNetworkGameProgramming\CrazyArcade\111A_API_GameProject\ObjManager.cpp(461,117): warning C4244: '인수': 'int'에서 'float'(으)로 변환하면서 데이터가 손실될 수 있습니다.
C:\Users\wc542\OneDrive\문서\6TeamNetworkGameProgramming\CrazyArcade\111A_API_GameProject\ObjManager.cpp(461,75): warning C4244: '인수': 'int'에서 'float'(으)로 변환하면서 데이터가 손실될 수 있습니다.
C:\Users\wc542\OneDrive\문서\6TeamNetworkGameProgramming\CrazyArcade\111A_API_GameProject\ObjManager.cpp(464,110): warning C4244: '인수': 'int'에서 'float'(으)로 변환하면서 데이터가 손실될 수 있습니다.
C:\Users\wc542\OneDrive\문서\6TeamNetworkGameProgramming\CrazyArcade\111A_API_GameProject\ObjManager.cpp(464,68): warning C4244: '인수': 'int'에서 'float'(으)로 변환하면서 데이터가 손실될 수 있습니다.
C:\Users\wc542\OneDrive\문서\6TeamNetworkGameProgramming\CrazyArcade\111A_API_GameProject\ObjManager.cpp(466,117): warning C4244: '인수': 'int'에서 'float'(으)로 변환하면서 데이터가 손실될 수 있습니다.
C:\Users\wc542\OneDrive\문서\6TeamNetworkGameProgramming\CrazyArcade\111A_API_GameProject\ObjManager.cpp(466,75): warning C4244: '인수': 'int'에서 'float'(으)로 변환하면서 데이터가 손실될 수 있습니다.
  Player.cpp
C:\Users\wc542\OneDrive\문서\6TeamNetworkGameProgramming\CrazyArcade\111A_API_GameProject\Player.cpp(455,64): warning C4244: '인수': 'int'에서 'float'(으)로 변환하면서 데이터가 손실될 수 있습니다.
C:\Users\wc542\OneDrive\문서\6TeamNetworkGameProgramming\CrazyArcade\111A_API_GameProject\Player.cpp(455,49): warning C4244: '인수': 'int'에서 'float'(으)로 변환하면서 데이터가 손실될 수 있습니다.
  Potion.cpp
  Rock1.cpp
C:\Users\wc542\OneDrive\문서\6TeamNetworkGameProgramming\CrazyArcade\111A_API_GameProject\Rock1.cpp(37,15): warning C4552: '+': 식의 결과가 사용되지 않습니다.
  Rock2.cpp
C:\Users\wc542\OneDrive\문서\6TeamNetworkGameProgramming\CrazyArcade\111A_API_GameProject\Rock2.cpp(37,14): warning C4552: '+': 식의 결과가 사용되지 않습니다.
  Rock3.cpp
C:\Users\wc542\OneDrive\문서\6TeamNetworkGameProgramming\CrazyArcade\111A_API_GameProject\Rock3.cpp(38,14): warning C4552: '+': 식의 결과가 사용되지 않습니다.
  Scene.cpp
  SceneManager.cpp
  Skate.cpp
  SoundMgr.cpp
  컴파일하고 있습니다...
  Stage1.cpp
  Stage2.cpp
  Stage_Boss.cpp
  Tile.cpp
  TileManager.cpp
C:\Users\wc542\OneDrive\문서\6TeamNetworkGameProgramming\CrazyArcade\111A_API_GameProject\TileManager.cpp(152,20): warning C4018: '<': signed 또는 unsigned가 일치하지 않습니다.
C:\Users\wc542\OneDrive\문서\6TeamNetworkGameProgramming\CrazyArcade\111A_API_GameProject\TileManager.cpp(190,20): warning C4018: '<': signed 또는 unsigned가 일치하지 않습니다.
  TimeManager.cpp
  Uni.cpp
C:\Users\wc542\OneDrive\문서\6TeamNetworkGameProgramming\CrazyArcade\111A_API_GameProject\Uni.cpp(208,64): warning C4244: '인수': 'int'에서 'float'(으)로 변환하면서 데이터가 손실될 수 있습니다.
C:\Users\wc542\OneDrive\문서\6TeamNetworkGameProgramming\CrazyArcade\111A_API_GameProject\Uni.cpp(208,49): warning C4244: '인수': 'int'에서 'float'(으)로 변환하면서 데이터가 손실될 수 있습니다.
  WatingRoom.cpp
  코드를 생성하고 있습니다.
  0 of 1253 functions ( 0.0%) were compiled, the rest were copied from previous compilation.
    0 functions were new in current compilation
    0 functions had inline decision re-evaluated but remain unchanged
  코드를 생성했습니다.
  111A_API_GameProject.vcxproj -> C:\Users\wc542\OneDrive\문서\6TeamNetworkGameProgramming\CrazyArcade\Release\111A_API_GameProject.exe
