d:\학교\2021 2학기\네트워크 게임 프로그래밍\termproject\crazyarcade\111a_api_gameproject\release\111a_api_gameproject.pch
d:\학교\2021 2학기\네트워크 게임 프로그래밍\termproject\crazyarcade\111a_api_gameproject\release\vc142.pdb
d:\학교\2021 2학기\네트워크 게임 프로그래밍\termproject\crazyarcade\111a_api_gameproject\release\stdafx.obj
d:\학교\2021 2학기\네트워크 게임 프로그래밍\termproject\crazyarcade\111a_api_gameproject\release\line.obj
d:\학교\2021 2학기\네트워크 게임 프로그래밍\termproject\crazyarcade\111a_api_gameproject\release\leaf2.obj
d:\학교\2021 2학기\네트워크 게임 프로그래밍\termproject\crazyarcade\111a_api_gameproject\release\leaf1.obj
d:\학교\2021 2학기\네트워크 게임 프로그래밍\termproject\crazyarcade\111a_api_gameproject\release\keymanager.obj
d:\학교\2021 2학기\네트워크 게임 프로그래밍\termproject\crazyarcade\111a_api_gameproject\release\hmson.obj
d:\학교\2021 2학기\네트워크 게임 프로그래밍\termproject\crazyarcade\111a_api_gameproject\release\grass.obj
d:\학교\2021 2학기\네트워크 게임 프로그래밍\termproject\crazyarcade\111a_api_gameproject\release\flower.obj
d:\학교\2021 2학기\네트워크 게임 프로그래밍\termproject\crazyarcade\111a_api_gameproject\release\digenie.obj
d:\학교\2021 2학기\네트워크 게임 프로그래밍\termproject\crazyarcade\111a_api_gameproject\release\dao.obj
d:\학교\2021 2학기\네트워크 게임 프로그래밍\termproject\crazyarcade\111a_api_gameproject\release\crazyarcade.obj
d:\학교\2021 2학기\네트워크 게임 프로그래밍\termproject\crazyarcade\111a_api_gameproject\release\collidmanager.obj
d:\학교\2021 2학기\네트워크 게임 프로그래밍\termproject\crazyarcade\111a_api_gameproject\release\clientmanager.obj
d:\학교\2021 2학기\네트워크 게임 프로그래밍\termproject\crazyarcade\111a_api_gameproject\release\cnetworkstage.obj
d:\학교\2021 2학기\네트워크 게임 프로그래밍\termproject\crazyarcade\111a_api_gameproject\release\bossbomb.obj
d:\학교\2021 2학기\네트워크 게임 프로그래밍\termproject\crazyarcade\111a_api_gameproject\release\bombwave.obj
d:\학교\2021 2학기\네트워크 게임 프로그래밍\termproject\crazyarcade\111a_api_gameproject\release\bomb.obj
d:\학교\2021 2학기\네트워크 게임 프로그래밍\termproject\crazyarcade\111a_api_gameproject\release\bmpmanager.obj
d:\학교\2021 2학기\네트워크 게임 프로그래밍\termproject\crazyarcade\111a_api_gameproject\release\bazzi.obj
d:\학교\2021 2학기\네트워크 게임 프로그래밍\termproject\crazyarcade\111a_api_gameproject\release\basket.obj
d:\학교\2021 2학기\네트워크 게임 프로그래밍\termproject\crazyarcade\111a_api_gameproject\release\ballon.obj
d:\학교\2021 2학기\네트워크 게임 프로그래밍\termproject\crazyarcade\111a_api_gameproject\release\soundmgr.obj
d:\학교\2021 2학기\네트워크 게임 프로그래밍\termproject\crazyarcade\111a_api_gameproject\release\skate.obj
d:\학교\2021 2학기\네트워크 게임 프로그래밍\termproject\crazyarcade\111a_api_gameproject\release\scenemanager.obj
d:\학교\2021 2학기\네트워크 게임 프로그래밍\termproject\crazyarcade\111a_api_gameproject\release\scene.obj
d:\학교\2021 2학기\네트워크 게임 프로그래밍\termproject\crazyarcade\111a_api_gameproject\release\rock3.obj
d:\학교\2021 2학기\네트워크 게임 프로그래밍\termproject\crazyarcade\111a_api_gameproject\release\rock2.obj
d:\학교\2021 2학기\네트워크 게임 프로그래밍\termproject\crazyarcade\111a_api_gameproject\release\rock1.obj
d:\학교\2021 2학기\네트워크 게임 프로그래밍\termproject\crazyarcade\111a_api_gameproject\release\potion.obj
d:\학교\2021 2학기\네트워크 게임 프로그래밍\termproject\crazyarcade\111a_api_gameproject\release\player.obj
d:\학교\2021 2학기\네트워크 게임 프로그래밍\termproject\crazyarcade\111a_api_gameproject\release\objmanager.obj
d:\학교\2021 2학기\네트워크 게임 프로그래밍\termproject\crazyarcade\111a_api_gameproject\release\obj.obj
d:\학교\2021 2학기\네트워크 게임 프로그래밍\termproject\crazyarcade\111a_api_gameproject\release\mymenu.obj
d:\학교\2021 2학기\네트워크 게임 프로그래밍\termproject\crazyarcade\111a_api_gameproject\release\myedit.obj
d:\학교\2021 2학기\네트워크 게임 프로그래밍\termproject\crazyarcade\111a_api_gameproject\release\mybitmap.obj
d:\학교\2021 2학기\네트워크 게임 프로그래밍\termproject\crazyarcade\111a_api_gameproject\release\messi.obj
d:\학교\2021 2학기\네트워크 게임 프로그래밍\termproject\crazyarcade\111a_api_gameproject\release\mbape.obj
d:\학교\2021 2학기\네트워크 게임 프로그래밍\termproject\crazyarcade\111a_api_gameproject\release\maxpotion.obj
d:\학교\2021 2학기\네트워크 게임 프로그래밍\termproject\crazyarcade\111a_api_gameproject\release\maingame.obj
d:\학교\2021 2학기\네트워크 게임 프로그래밍\termproject\crazyarcade\111a_api_gameproject\release\logo.obj
d:\학교\2021 2학기\네트워크 게임 프로그래밍\termproject\crazyarcade\111a_api_gameproject\release\linemanager.obj
d:\학교\2021 2학기\네트워크 게임 프로그래밍\termproject\crazyarcade\111a_api_gameproject\release\watingroom.obj
d:\학교\2021 2학기\네트워크 게임 프로그래밍\termproject\crazyarcade\111a_api_gameproject\release\uni.obj
d:\학교\2021 2학기\네트워크 게임 프로그래밍\termproject\crazyarcade\111a_api_gameproject\release\timemanager.obj
d:\학교\2021 2학기\네트워크 게임 프로그래밍\termproject\crazyarcade\111a_api_gameproject\release\tilemanager.obj
d:\학교\2021 2학기\네트워크 게임 프로그래밍\termproject\crazyarcade\111a_api_gameproject\release\tile.obj
d:\학교\2021 2학기\네트워크 게임 프로그래밍\termproject\crazyarcade\111a_api_gameproject\release\stage_boss.obj
d:\학교\2021 2학기\네트워크 게임 프로그래밍\termproject\crazyarcade\111a_api_gameproject\release\stage2.obj
d:\학교\2021 2학기\네트워크 게임 프로그래밍\termproject\crazyarcade\111a_api_gameproject\release\stage1.obj
d:\학교\2021 2학기\네트워크 게임 프로그래밍\termproject\crazyarcade\release\111a_api_gameproject.exe
d:\학교\2021 2학기\네트워크 게임 프로그래밍\termproject\crazyarcade\111a_api_gameproject\release\111a_api_gameproject.ipdb
d:\학교\2021 2학기\네트워크 게임 프로그래밍\termproject\crazyarcade\111a_api_gameproject\release\111a_api_gameproject.iobj
d:\학교\2021 2학기\네트워크 게임 프로그래밍\termproject\crazyarcade\release\111a_api_gameproject.pdb
d:\학교\2021 2학기\네트워크 게임 프로그래밍\termproject\crazyarcade\111a_api_gameproject\release\111a_api_gameproject.res
d:\학교\2021 2학기\네트워크 게임 프로그래밍\termproject\crazyarcade\111a_api_gameproject\release\111a_api.7ed358be.tlog\cl.command.1.tlog
d:\학교\2021 2학기\네트워크 게임 프로그래밍\termproject\crazyarcade\111a_api_gameproject\release\111a_api.7ed358be.tlog\cl.read.1.tlog
d:\학교\2021 2학기\네트워크 게임 프로그래밍\termproject\crazyarcade\111a_api_gameproject\release\111a_api.7ed358be.tlog\cl.write.1.tlog
d:\학교\2021 2학기\네트워크 게임 프로그래밍\termproject\crazyarcade\111a_api_gameproject\release\111a_api.7ed358be.tlog\link.command.1.tlog
d:\학교\2021 2학기\네트워크 게임 프로그래밍\termproject\crazyarcade\111a_api_gameproject\release\111a_api.7ed358be.tlog\link.read.1.tlog
d:\학교\2021 2학기\네트워크 게임 프로그래밍\termproject\crazyarcade\111a_api_gameproject\release\111a_api.7ed358be.tlog\link.write.1.tlog
d:\학교\2021 2학기\네트워크 게임 프로그래밍\termproject\crazyarcade\111a_api_gameproject\release\111a_api.7ed358be.tlog\rc.command.1.tlog
d:\학교\2021 2학기\네트워크 게임 프로그래밍\termproject\crazyarcade\111a_api_gameproject\release\111a_api.7ed358be.tlog\rc.read.1.tlog
d:\학교\2021 2학기\네트워크 게임 프로그래밍\termproject\crazyarcade\111a_api_gameproject\release\111a_api.7ed358be.tlog\rc.write.1.tlog
