C:\Program Files (x86)\Microsoft Visual Studio\2019\Community\MSBuild\Microsoft\VC\v160\Microsoft.CppBuild.targets(499,5): warning MSB8004: Output 디렉터리가 슬래시로 끝나지 않습니다. Output 디렉터리의 적절한 평가를 허용하는 데 필요하므로 이 빌드 인스턴스에서 슬래시를 추가합니다.
  Ballon.cpp
  Basket.cpp
C:\Users\고은비\Documents\NetworkGameProgramming\Server\Server\ObjManager.h(39,21): warning C4267: 'return': 'size_t'에서 'int'(으)로 변환하면서 데이터가 손실될 수 있습니다.
  Grass.cpp
C:\Users\고은비\Documents\NetworkGameProgramming\Server\Server\ObjManager.h(39,21): warning C4267: 'return': 'size_t'에서 'int'(으)로 변환하면서 데이터가 손실될 수 있습니다.
  Leaf1.cpp
C:\Users\고은비\Documents\NetworkGameProgramming\Server\Server\ObjManager.h(39,21): warning C4267: 'return': 'size_t'에서 'int'(으)로 변환하면서 데이터가 손실될 수 있습니다.
  Leaf2.cpp
C:\Users\고은비\Documents\NetworkGameProgramming\Server\Server\ObjManager.h(39,21): warning C4267: 'return': 'size_t'에서 'int'(으)로 변환하면서 데이터가 손실될 수 있습니다.
  MaxPotion.cpp
  Mbape.cpp
C:\Users\고은비\Documents\NetworkGameProgramming\Server\Server\ObjManager.h(39,21): warning C4267: 'return': 'size_t'에서 'int'(으)로 변환하면서 데이터가 손실될 수 있습니다.
  Messi.cpp
C:\Users\고은비\Documents\NetworkGameProgramming\Server\Server\ObjManager.h(39,21): warning C4267: 'return': 'size_t'에서 'int'(으)로 변환하면서 데이터가 손실될 수 있습니다.
  Obj.cpp
  ObjManager.cpp
C:\Users\고은비\Documents\NetworkGameProgramming\Server\Server\ObjManager.h(39,21): warning C4267: 'return': 'size_t'에서 'int'(으)로 변환하면서 데이터가 손실될 수 있습니다.
  Player.cpp
C:\Users\고은비\Documents\NetworkGameProgramming\Server\Server\ObjManager.h(39,21): warning C4267: 'return': 'size_t'에서 'int'(으)로 변환하면서 데이터가 손실될 수 있습니다.
  Potion.cpp
  Rock1.cpp
  Rock2.cpp
  Rock3.cpp
  Server.cpp
C:\Users\고은비\Documents\NetworkGameProgramming\Server\Server\ObjManager.h(39,21): warning C4267: 'return': 'size_t'에서 'int'(으)로 변환하면서 데이터가 손실될 수 있습니다.
C:\Users\고은비\Documents\NetworkGameProgramming\Server\Server\Server.cpp(11,1): warning C4005: 'BUFSIZE': 매크로 재정의
C:\Users\고은비\Documents\NetworkGameProgramming\Server\Server\stdafx.h(27): message : 'BUFSIZE'의 이전 정의를 참조하십시오.
C:\Users\고은비\Documents\NetworkGameProgramming\Server\Server\Server.cpp(93,7): warning C4101: 'buf' :참조되지 않은 지역 변수입니다.
C:\Users\고은비\Documents\NetworkGameProgramming\Server\Server\Server.cpp(333,38): warning C4267: '초기화 중': 'size_t'에서 'int'(으)로 변환하면서 데이터가 손실될 수 있습니다.
C:\Users\고은비\Documents\NetworkGameProgramming\Server\Server\Server.cpp(352,31): warning C4267: '초기화 중': 'size_t'에서 'int'(으)로 변환하면서 데이터가 손실될 수 있습니다.
C:\Users\고은비\Documents\NetworkGameProgramming\Server\Server\Server.cpp(433,12): warning C4244: '초기화 중': 'std::streamoff'에서 'int'(으)로 변환하면서 데이터가 손실될 수 있습니다.
C:\Users\고은비\Documents\NetworkGameProgramming\Server\Server\Server.cpp(436,34): warning C4267: '초기화 중': 'size_t'에서 'int'(으)로 변환하면서 데이터가 손실될 수 있습니다.
  Skate.cpp
  Tile.cpp
  TileManager.cpp
  TimeManager.cpp
  코드를 생성하고 있습니다...
C:\Users\고은비\Documents\NetworkGameProgramming\Server\Server\ObjManager.cpp(234): warning C4715: 'CObjManager::Get_PlayerX': 모든 제어 경로에서 값을 반환하지는 않습니다.
C:\Users\고은비\Documents\NetworkGameProgramming\Server\Server\ObjManager.cpp(242): warning C4715: 'CObjManager::Get_PlayerY': 모든 제어 경로에서 값을 반환하지는 않습니다.
C:\Users\고은비\Documents\NetworkGameProgramming\Server\Server\ObjManager.cpp(752): warning C4715: 'CObjManager::Get_blockPosX': 모든 제어 경로에서 값을 반환하지는 않습니다.
C:\Users\고은비\Documents\NetworkGameProgramming\Server\Server\ObjManager.cpp(763): warning C4715: 'CObjManager::Get_blockPosY': 모든 제어 경로에서 값을 반환하지는 않습니다.
  Server.vcxproj -> C:\Users\고은비\Documents\NetworkGameProgramming\CrazyArcade\Debug\Server.exe
