c:\users\고은비\documents\networkgameprogramming\server\server\x64\debug\vc142.pdb
c:\users\고은비\documents\networkgameprogramming\server\server\x64\debug\vc142.idb
c:\users\고은비\documents\networkgameprogramming\server\server\x64\debug\tilemanager.obj
c:\users\고은비\documents\networkgameprogramming\server\server\x64\debug\tile.obj
c:\users\고은비\documents\networkgameprogramming\server\server\x64\debug\skate.obj
c:\users\고은비\documents\networkgameprogramming\server\server\x64\debug\server.obj
c:\users\고은비\documents\networkgameprogramming\server\server\x64\debug\rock3.obj
c:\users\고은비\documents\networkgameprogramming\server\server\x64\debug\rock2.obj
c:\users\고은비\documents\networkgameprogramming\server\server\x64\debug\rock1.obj
c:\users\고은비\documents\networkgameprogramming\server\server\x64\debug\potion.obj
c:\users\고은비\documents\networkgameprogramming\server\server\x64\debug\player.obj
c:\users\고은비\documents\networkgameprogramming\server\server\x64\debug\objmanager.obj
c:\users\고은비\documents\networkgameprogramming\server\server\x64\debug\obj.obj
c:\users\고은비\documents\networkgameprogramming\server\server\x64\debug\messi.obj
c:\users\고은비\documents\networkgameprogramming\server\server\x64\debug\mbape.obj
c:\users\고은비\documents\networkgameprogramming\server\server\x64\debug\maxpotion.obj
c:\users\고은비\documents\networkgameprogramming\server\server\x64\debug\leaf2.obj
c:\users\고은비\documents\networkgameprogramming\server\server\x64\debug\leaf1.obj
c:\users\고은비\documents\networkgameprogramming\server\server\x64\debug\grass.obj
c:\users\고은비\documents\networkgameprogramming\server\server\x64\debug\basket.obj
c:\users\고은비\documents\networkgameprogramming\server\server\x64\debug\timemanager.obj
c:\users\고은비\documents\networkgameprogramming\server\server\x64\debug\server.tlog\cl.command.1.tlog
c:\users\고은비\documents\networkgameprogramming\server\server\x64\debug\server.tlog\cl.read.1.tlog
c:\users\고은비\documents\networkgameprogramming\server\server\x64\debug\server.tlog\cl.write.1.tlog
