  stdafx.cpp
  ClientManager.cpp
C:\Users\고은비\Documents\NetworkGameProgramming\CrazyArcade\111A_API_GameProject\ObjManager.h(36,21): warning C4267: 'return': 'size_t'에서 'int'(으)로 변환하면서 데이터가 손실될 수 있습니다.
C:\Users\고은비\Documents\NetworkGameProgramming\CrazyArcade\111A_API_GameProject\ClientManager.cpp(122,35): warning C4267: '=': 'size_t'에서 'int'(으)로 변환하면서 데이터가 손실될 수 있습니다.
C:\Users\고은비\Documents\NetworkGameProgramming\CrazyArcade\111A_API_GameProject\ClientManager.cpp(261,61): warning C4267: '인수': 'size_t'에서 'int'(으)로 변환하면서 데이터가 손실될 수 있습니다.
  CNetworkStage.cpp
C:\Users\고은비\Documents\NetworkGameProgramming\CrazyArcade\111A_API_GameProject\ObjManager.h(36,21): warning C4267: 'return': 'size_t'에서 'int'(으)로 변환하면서 데이터가 손실될 수 있습니다.
  CrazyArcade.cpp
  Ballon.cpp
  Basket.cpp
C:\Users\고은비\Documents\NetworkGameProgramming\CrazyArcade\111A_API_GameProject\ObjManager.h(36,21): warning C4267: 'return': 'size_t'에서 'int'(으)로 변환하면서 데이터가 손실될 수 있습니다.
  Bazzi.cpp
C:\Users\고은비\Documents\NetworkGameProgramming\CrazyArcade\111A_API_GameProject\ObjManager.h(36,21): warning C4267: 'return': 'size_t'에서 'int'(으)로 변환하면서 데이터가 손실될 수 있습니다.
C:\Users\고은비\Documents\NetworkGameProgramming\CrazyArcade\111A_API_GameProject\Bazzi.cpp(210,64): warning C4244: '인수': 'int'에서 'float'(으)로 변환하면서 데이터가 손실될 수 있습니다.
C:\Users\고은비\Documents\NetworkGameProgramming\CrazyArcade\111A_API_GameProject\Bazzi.cpp(210,49): warning C4244: '인수': 'int'에서 'float'(으)로 변환하면서 데이터가 손실될 수 있습니다.
  BmpManager.cpp
  Bomb.cpp
C:\Users\고은비\Documents\NetworkGameProgramming\CrazyArcade\111A_API_GameProject\ObjManager.h(36,21): warning C4267: 'return': 'size_t'에서 'int'(으)로 변환하면서 데이터가 손실될 수 있습니다.
  BombWave.cpp
C:\Users\고은비\Documents\NetworkGameProgramming\CrazyArcade\111A_API_GameProject\ObjManager.h(36,21): warning C4267: 'return': 'size_t'에서 'int'(으)로 변환하면서 데이터가 손실될 수 있습니다.
  BossBomb.cpp
C:\Users\고은비\Documents\NetworkGameProgramming\CrazyArcade\111A_API_GameProject\ObjManager.h(36,21): warning C4267: 'return': 'size_t'에서 'int'(으)로 변환하면서 데이터가 손실될 수 있습니다.
  CollidManager.cpp
C:\Users\고은비\Documents\NetworkGameProgramming\CrazyArcade\111A_API_GameProject\CollidManager.cpp(67,50): warning C4244: '인수': 'float'에서 'int'(으)로 변환하면서 데이터가 손실될 수 있습니다.
  TimeManager.cpp
  Dao.cpp
C:\Users\고은비\Documents\NetworkGameProgramming\CrazyArcade\111A_API_GameProject\ObjManager.h(36,21): warning C4267: 'return': 'size_t'에서 'int'(으)로 변환하면서 데이터가 손실될 수 있습니다.
C:\Users\고은비\Documents\NetworkGameProgramming\CrazyArcade\111A_API_GameProject\Dao.cpp(205,64): warning C4244: '인수': 'int'에서 'float'(으)로 변환하면서 데이터가 손실될 수 있습니다.
C:\Users\고은비\Documents\NetworkGameProgramming\CrazyArcade\111A_API_GameProject\Dao.cpp(205,49): warning C4244: '인수': 'int'에서 'float'(으)로 변환하면서 데이터가 손실될 수 있습니다.
  Digenie.cpp
C:\Users\고은비\Documents\NetworkGameProgramming\CrazyArcade\111A_API_GameProject\ObjManager.h(36,21): warning C4267: 'return': 'size_t'에서 'int'(으)로 변환하면서 데이터가 손실될 수 있습니다.
C:\Users\고은비\Documents\NetworkGameProgramming\CrazyArcade\111A_API_GameProject\Digenie.cpp(205,64): warning C4244: '인수': 'int'에서 'float'(으)로 변환하면서 데이터가 손실될 수 있습니다.
C:\Users\고은비\Documents\NetworkGameProgramming\CrazyArcade\111A_API_GameProject\Digenie.cpp(205,49): warning C4244: '인수': 'int'에서 'float'(으)로 변환하면서 데이터가 손실될 수 있습니다.
  Flower.cpp
C:\Users\고은비\Documents\NetworkGameProgramming\CrazyArcade\111A_API_GameProject\ObjManager.h(36,21): warning C4267: 'return': 'size_t'에서 'int'(으)로 변환하면서 데이터가 손실될 수 있습니다.
  Grass.cpp
C:\Users\고은비\Documents\NetworkGameProgramming\CrazyArcade\111A_API_GameProject\ObjManager.h(36,21): warning C4267: 'return': 'size_t'에서 'int'(으)로 변환하면서 데이터가 손실될 수 있습니다.
  HMSon.cpp
C:\Users\고은비\Documents\NetworkGameProgramming\CrazyArcade\111A_API_GameProject\ObjManager.h(36,21): warning C4267: 'return': 'size_t'에서 'int'(으)로 변환하면서 데이터가 손실될 수 있습니다.
C:\Users\고은비\Documents\NetworkGameProgramming\CrazyArcade\111A_API_GameProject\HMSon.cpp(282,62): warning C4244: '인수': 'int'에서 'float'(으)로 변환하면서 데이터가 손실될 수 있습니다.
C:\Users\고은비\Documents\NetworkGameProgramming\CrazyArcade\111A_API_GameProject\HMSon.cpp(282,51): warning C4244: '인수': 'int'에서 'float'(으)로 변환하면서 데이터가 손실될 수 있습니다.
C:\Users\고은비\Documents\NetworkGameProgramming\CrazyArcade\111A_API_GameProject\HMSon.cpp(285,57): warning C4244: '인수': 'int'에서 'float'(으)로 변환하면서 데이터가 손실될 수 있습니다.
C:\Users\고은비\Documents\NetworkGameProgramming\CrazyArcade\111A_API_GameProject\HMSon.cpp(285,45): warning C4244: '인수': 'int'에서 'float'(으)로 변환하면서 데이터가 손실될 수 있습니다.
  KeyManager.cpp
  Leaf1.cpp
C:\Users\고은비\Documents\NetworkGameProgramming\CrazyArcade\111A_API_GameProject\ObjManager.h(36,21): warning C4267: 'return': 'size_t'에서 'int'(으)로 변환하면서 데이터가 손실될 수 있습니다.
  Leaf2.cpp
C:\Users\고은비\Documents\NetworkGameProgramming\CrazyArcade\111A_API_GameProject\ObjManager.h(36,21): warning C4267: 'return': 'size_t'에서 'int'(으)로 변환하면서 데이터가 손실될 수 있습니다.
  컴파일하고 있습니다...
  Line.cpp
  LineManager.cpp
  Logo.cpp
  MainGame.cpp
C:\Users\고은비\Documents\NetworkGameProgramming\CrazyArcade\111A_API_GameProject\ObjManager.h(36,21): warning C4267: 'return': 'size_t'에서 'int'(으)로 변환하면서 데이터가 손실될 수 있습니다.
  MaxPotion.cpp
  Mbape.cpp
C:\Users\고은비\Documents\NetworkGameProgramming\CrazyArcade\111A_API_GameProject\ObjManager.h(36,21): warning C4267: 'return': 'size_t'에서 'int'(으)로 변환하면서 데이터가 손실될 수 있습니다.
  Messi.cpp
C:\Users\고은비\Documents\NetworkGameProgramming\CrazyArcade\111A_API_GameProject\ObjManager.h(36,21): warning C4267: 'return': 'size_t'에서 'int'(으)로 변환하면서 데이터가 손실될 수 있습니다.
C:\Users\고은비\Documents\NetworkGameProgramming\CrazyArcade\111A_API_GameProject\Messi.cpp(146,9): warning C4244: '초기화 중': 'float'에서 'int'(으)로 변환하면서 데이터가 손실될 수 있습니다.
  MyBitMap.cpp
  MyEdit.cpp
C:\Users\고은비\Documents\NetworkGameProgramming\CrazyArcade\111A_API_GameProject\ObjManager.h(36,21): warning C4267: 'return': 'size_t'에서 'int'(으)로 변환하면서 데이터가 손실될 수 있습니다.
  MyMenu.cpp
  Obj.cpp
  ObjManager.cpp
C:\Users\고은비\Documents\NetworkGameProgramming\CrazyArcade\111A_API_GameProject\ObjManager.h(36,21): warning C4267: 'return': 'size_t'에서 'int'(으)로 변환하면서 데이터가 손실될 수 있습니다.
C:\Users\고은비\Documents\NetworkGameProgramming\CrazyArcade\111A_API_GameProject\ObjManager.cpp(262,13): warning C4244: '초기화 중': 'float'에서 'int'(으)로 변환하면서 데이터가 손실될 수 있습니다.
C:\Users\고은비\Documents\NetworkGameProgramming\CrazyArcade\111A_API_GameProject\ObjManager.cpp(263,13): warning C4244: '초기화 중': 'float'에서 'int'(으)로 변환하면서 데이터가 손실될 수 있습니다.
C:\Users\고은비\Documents\NetworkGameProgramming\CrazyArcade\111A_API_GameProject\ObjManager.cpp(307,111): warning C4244: '인수': 'int'에서 'float'(으)로 변환하면서 데이터가 손실될 수 있습니다.
C:\Users\고은비\Documents\NetworkGameProgramming\CrazyArcade\111A_API_GameProject\ObjManager.cpp(307,70): warning C4244: '인수': 'int'에서 'float'(으)로 변환하면서 데이터가 손실될 수 있습니다.
C:\Users\고은비\Documents\NetworkGameProgramming\CrazyArcade\111A_API_GameProject\ObjManager.cpp(309,117): warning C4244: '인수': 'int'에서 'float'(으)로 변환하면서 데이터가 손실될 수 있습니다.
C:\Users\고은비\Documents\NetworkGameProgramming\CrazyArcade\111A_API_GameProject\ObjManager.cpp(309,75): warning C4244: '인수': 'int'에서 'float'(으)로 변환하면서 데이터가 손실될 수 있습니다.
C:\Users\고은비\Documents\NetworkGameProgramming\CrazyArcade\111A_API_GameProject\ObjManager.cpp(312,111): warning C4244: '인수': 'int'에서 'float'(으)로 변환하면서 데이터가 손실될 수 있습니다.
C:\Users\고은비\Documents\NetworkGameProgramming\CrazyArcade\111A_API_GameProject\ObjManager.cpp(312,69): warning C4244: '인수': 'int'에서 'float'(으)로 변환하면서 데이터가 손실될 수 있습니다.
C:\Users\고은비\Documents\NetworkGameProgramming\CrazyArcade\111A_API_GameProject\ObjManager.cpp(314,117): warning C4244: '인수': 'int'에서 'float'(으)로 변환하면서 데이터가 손실될 수 있습니다.
C:\Users\고은비\Documents\NetworkGameProgramming\CrazyArcade\111A_API_GameProject\ObjManager.cpp(314,75): warning C4244: '인수': 'int'에서 'float'(으)로 변환하면서 데이터가 손실될 수 있습니다.
C:\Users\고은비\Documents\NetworkGameProgramming\CrazyArcade\111A_API_GameProject\ObjManager.cpp(317,111): warning C4244: '인수': 'int'에서 'float'(으)로 변환하면서 데이터가 손실될 수 있습니다.
C:\Users\고은비\Documents\NetworkGameProgramming\CrazyArcade\111A_API_GameProject\ObjManager.cpp(317,69): warning C4244: '인수': 'int'에서 'float'(으)로 변환하면서 데이터가 손실될 수 있습니다.
C:\Users\고은비\Documents\NetworkGameProgramming\CrazyArcade\111A_API_GameProject\ObjManager.cpp(319,117): warning C4244: '인수': 'int'에서 'float'(으)로 변환하면서 데이터가 손실될 수 있습니다.
C:\Users\고은비\Documents\NetworkGameProgramming\CrazyArcade\111A_API_GameProject\ObjManager.cpp(319,75): warning C4244: '인수': 'int'에서 'float'(으)로 변환하면서 데이터가 손실될 수 있습니다.
C:\Users\고은비\Documents\NetworkGameProgramming\CrazyArcade\111A_API_GameProject\ObjManager.cpp(322,112): warning C4244: '인수': 'int'에서 'float'(으)로 변환하면서 데이터가 손실될 수 있습니다.
C:\Users\고은비\Documents\NetworkGameProgramming\CrazyArcade\111A_API_GameProject\ObjManager.cpp(322,70): warning C4244: '인수': 'int'에서 'float'(으)로 변환하면서 데이터가 손실될 수 있습니다.
C:\Users\고은비\Documents\NetworkGameProgramming\CrazyArcade\111A_API_GameProject\ObjManager.cpp(324,117): warning C4244: '인수': 'int'에서 'float'(으)로 변환하면서 데이터가 손실될 수 있습니다.
C:\Users\고은비\Documents\NetworkGameProgramming\CrazyArcade\111A_API_GameProject\ObjManager.cpp(324,75): warning C4244: '인수': 'int'에서 'float'(으)로 변환하면서 데이터가 손실될 수 있습니다.
C:\Users\고은비\Documents\NetworkGameProgramming\CrazyArcade\111A_API_GameProject\ObjManager.cpp(327,111): warning C4244: '인수': 'int'에서 'float'(으)로 변환하면서 데이터가 손실될 수 있습니다.
C:\Users\고은비\Documents\NetworkGameProgramming\CrazyArcade\111A_API_GameProject\ObjManager.cpp(327,69): warning C4244: '인수': 'int'에서 'float'(으)로 변환하면서 데이터가 손실될 수 있습니다.
C:\Users\고은비\Documents\NetworkGameProgramming\CrazyArcade\111A_API_GameProject\ObjManager.cpp(329,117): warning C4244: '인수': 'int'에서 'float'(으)로 변환하면서 데이터가 손실될 수 있습니다.
C:\Users\고은비\Documents\NetworkGameProgramming\CrazyArcade\111A_API_GameProject\ObjManager.cpp(329,75): warning C4244: '인수': 'int'에서 'float'(으)로 변환하면서 데이터가 손실될 수 있습니다.
C:\Users\고은비\Documents\NetworkGameProgramming\CrazyArcade\111A_API_GameProject\ObjManager.cpp(332,110): warning C4244: '인수': 'int'에서 'float'(으)로 변환하면서 데이터가 손실될 수 있습니다.
C:\Users\고은비\Documents\NetworkGameProgramming\CrazyArcade\111A_API_GameProject\ObjManager.cpp(332,68): warning C4244: '인수': 'int'에서 'float'(으)로 변환하면서 데이터가 손실될 수 있습니다.
C:\Users\고은비\Documents\NetworkGameProgramming\CrazyArcade\111A_API_GameProject\ObjManager.cpp(334,117): warning C4244: '인수': 'int'에서 'float'(으)로 변환하면서 데이터가 손실될 수 있습니다.
C:\Users\고은비\Documents\NetworkGameProgramming\CrazyArcade\111A_API_GameProject\ObjManager.cpp(334,75): warning C4244: '인수': 'int'에서 'float'(으)로 변환하면서 데이터가 손실될 수 있습니다.
C:\Users\고은비\Documents\NetworkGameProgramming\CrazyArcade\111A_API_GameProject\ObjManager.cpp(337,110): warning C4244: '인수': 'int'에서 'float'(으)로 변환하면서 데이터가 손실될 수 있습니다.
C:\Users\고은비\Documents\NetworkGameProgramming\CrazyArcade\111A_API_GameProject\ObjManager.cpp(337,68): warning C4244: '인수': 'int'에서 'float'(으)로 변환하면서 데이터가 손실될 수 있습니다.
C:\Users\고은비\Documents\NetworkGameProgramming\CrazyArcade\111A_API_GameProject\ObjManager.cpp(339,117): warning C4244: '인수': 'int'에서 'float'(으)로 변환하면서 데이터가 손실될 수 있습니다.
C:\Users\고은비\Documents\NetworkGameProgramming\CrazyArcade\111A_API_GameProject\ObjManager.cpp(339,75): warning C4244: '인수': 'int'에서 'float'(으)로 변환하면서 데이터가 손실될 수 있습니다.
C:\Users\고은비\Documents\NetworkGameProgramming\CrazyArcade\111A_API_GameProject\ObjManager.cpp(342,110): warning C4244: '인수': 'int'에서 'float'(으)로 변환하면서 데이터가 손실될 수 있습니다.
C:\Users\고은비\Documents\NetworkGameProgramming\CrazyArcade\111A_API_GameProject\ObjManager.cpp(342,68): warning C4244: '인수': 'int'에서 'float'(으)로 변환하면서 데이터가 손실될 수 있습니다.
C:\Users\고은비\Documents\NetworkGameProgramming\CrazyArcade\111A_API_GameProject\ObjManager.cpp(344,117): warning C4244: '인수': 'int'에서 'float'(으)로 변환하면서 데이터가 손실될 수 있습니다.
C:\Users\고은비\Documents\NetworkGameProgramming\CrazyArcade\111A_API_GameProject\ObjManager.cpp(344,75): warning C4244: '인수': 'int'에서 'float'(으)로 변환하면서 데이터가 손실될 수 있습니다.
  Player.cpp
C:\Users\고은비\Documents\NetworkGameProgramming\CrazyArcade\111A_API_GameProject\ObjManager.h(36,21): warning C4267: 'return': 'size_t'에서 'int'(으)로 변환하면서 데이터가 손실될 수 있습니다.
C:\Users\고은비\Documents\NetworkGameProgramming\CrazyArcade\111A_API_GameProject\Player.cpp(455,64): warning C4244: '인수': 'int'에서 'float'(으)로 변환하면서 데이터가 손실될 수 있습니다.
C:\Users\고은비\Documents\NetworkGameProgramming\CrazyArcade\111A_API_GameProject\Player.cpp(455,49): warning C4244: '인수': 'int'에서 'float'(으)로 변환하면서 데이터가 손실될 수 있습니다.
  Potion.cpp
  Rock1.cpp
C:\Users\고은비\Documents\NetworkGameProgramming\CrazyArcade\111A_API_GameProject\Rock1.cpp(37,15): warning C4552: '+': 식의 결과가 사용되지 않습니다.
  Rock2.cpp
C:\Users\고은비\Documents\NetworkGameProgramming\CrazyArcade\111A_API_GameProject\Rock2.cpp(37,14): warning C4552: '+': 식의 결과가 사용되지 않습니다.
  Rock3.cpp
C:\Users\고은비\Documents\NetworkGameProgramming\CrazyArcade\111A_API_GameProject\Rock3.cpp(38,14): warning C4552: '+': 식의 결과가 사용되지 않습니다.
  Scene.cpp
  SceneManager.cpp
  Skate.cpp
  컴파일하고 있습니다...
  SoundMgr.cpp
C:\Users\고은비\Documents\NetworkGameProgramming\CrazyArcade\111A_API_GameProject\SoundMgr.cpp(92,14): warning C4244: '초기화 중': 'intptr_t'에서 'long'(으)로 변환하면서 데이터가 손실될 수 있습니다.
C:\Users\고은비\Documents\NetworkGameProgramming\CrazyArcade\111A_API_GameProject\SoundMgr.cpp(112,37): warning C4267: '초기화 중': 'size_t'에서 'int'(으)로 변환하면서 데이터가 손실될 수 있습니다.
  Stage1.cpp
C:\Users\고은비\Documents\NetworkGameProgramming\CrazyArcade\111A_API_GameProject\ObjManager.h(36,21): warning C4267: 'return': 'size_t'에서 'int'(으)로 변환하면서 데이터가 손실될 수 있습니다.
  Stage2.cpp
C:\Users\고은비\Documents\NetworkGameProgramming\CrazyArcade\111A_API_GameProject\ObjManager.h(36,21): warning C4267: 'return': 'size_t'에서 'int'(으)로 변환하면서 데이터가 손실될 수 있습니다.
  Stage_Boss.cpp
C:\Users\고은비\Documents\NetworkGameProgramming\CrazyArcade\111A_API_GameProject\ObjManager.h(36,21): warning C4267: 'return': 'size_t'에서 'int'(으)로 변환하면서 데이터가 손실될 수 있습니다.
  Tile.cpp
  TileManager.cpp
  Uni.cpp
C:\Users\고은비\Documents\NetworkGameProgramming\CrazyArcade\111A_API_GameProject\ObjManager.h(36,21): warning C4267: 'return': 'size_t'에서 'int'(으)로 변환하면서 데이터가 손실될 수 있습니다.
C:\Users\고은비\Documents\NetworkGameProgramming\CrazyArcade\111A_API_GameProject\Uni.cpp(208,64): warning C4244: '인수': 'int'에서 'float'(으)로 변환하면서 데이터가 손실될 수 있습니다.
C:\Users\고은비\Documents\NetworkGameProgramming\CrazyArcade\111A_API_GameProject\Uni.cpp(208,49): warning C4244: '인수': 'int'에서 'float'(으)로 변환하면서 데이터가 손실될 수 있습니다.
  WatingRoom.cpp
SoundMgr.obj : error LNK2001: 확인할 수 없는 외부 기호 FMOD_System_Create
SoundMgr.obj : error LNK2001: 확인할 수 없는 외부 기호 FMOD_System_Init
SoundMgr.obj : error LNK2001: 확인할 수 없는 외부 기호 FMOD_Sound_Release
SoundMgr.obj : error LNK2001: 확인할 수 없는 외부 기호 FMOD_System_Release
SoundMgr.obj : error LNK2001: 확인할 수 없는 외부 기호 FMOD_System_Close
SoundMgr.obj : error LNK2001: 확인할 수 없는 외부 기호 FMOD_Channel_IsPlaying
SoundMgr.obj : error LNK2001: 확인할 수 없는 외부 기호 FMOD_System_PlaySound
SoundMgr.obj : error LNK2001: 확인할 수 없는 외부 기호 FMOD_System_Update
SoundMgr.obj : error LNK2001: 확인할 수 없는 외부 기호 FMOD_Channel_SetMode
SoundMgr.obj : error LNK2001: 확인할 수 없는 외부 기호 FMOD_Channel_Stop
SoundMgr.obj : error LNK2001: 확인할 수 없는 외부 기호 FMOD_System_CreateSound
C:\Users\고은비\Documents\NetworkGameProgramming\CrazyArcade\x64\Release\111A_API_GameProject.exe : fatal error LNK1120: 11개의 확인할 수 없는 외부 참조입니다.
