d:\학교\2021 2학기\네트워크 게임 프로그래밍\termproject\crazyarcade\111a_api_gameproject\debug\vc142.pdb
d:\학교\2021 2학기\네트워크 게임 프로그래밍\termproject\crazyarcade\111a_api_gameproject\debug\vc142.idb
d:\학교\2021 2학기\네트워크 게임 프로그래밍\termproject\crazyarcade\111a_api_gameproject\debug\watingroom.obj
d:\학교\2021 2학기\네트워크 게임 프로그래밍\termproject\crazyarcade\111a_api_gameproject\debug\soundmgr.obj
d:\학교\2021 2학기\네트워크 게임 프로그래밍\termproject\crazyarcade\111a_api_gameproject\debug\potion.obj
d:\학교\2021 2학기\네트워크 게임 프로그래밍\termproject\crazyarcade\111a_api_gameproject\debug\linemanager.obj
d:\학교\2021 2학기\네트워크 게임 프로그래밍\termproject\crazyarcade\111a_api_gameproject\debug\line.obj
d:\학교\2021 2학기\네트워크 게임 프로그래밍\termproject\crazyarcade\111a_api_gameproject\debug\ballon.obj
d:\학교\2021 2학기\네트워크 게임 프로그래밍\termproject\crazyarcade\111a_api_gameproject\debug\player.obj
d:\학교\2021 2학기\네트워크 게임 프로그래밍\termproject\crazyarcade\111a_api_gameproject\debug\111a_api_gameproject.pch
d:\학교\2021 2학기\네트워크 게임 프로그래밍\termproject\crazyarcade\111a_api_gameproject\debug\stdafx.obj
d:\학교\2021 2학기\네트워크 게임 프로그래밍\termproject\crazyarcade\111a_api_gameproject\debug\leaf2.obj
d:\학교\2021 2학기\네트워크 게임 프로그래밍\termproject\crazyarcade\111a_api_gameproject\debug\leaf1.obj
d:\학교\2021 2학기\네트워크 게임 프로그래밍\termproject\crazyarcade\111a_api_gameproject\debug\keymanager.obj
d:\학교\2021 2학기\네트워크 게임 프로그래밍\termproject\crazyarcade\111a_api_gameproject\debug\hmson.obj
d:\학교\2021 2학기\네트워크 게임 프로그래밍\termproject\crazyarcade\111a_api_gameproject\debug\grass.obj
d:\학교\2021 2학기\네트워크 게임 프로그래밍\termproject\crazyarcade\111a_api_gameproject\debug\flower.obj
d:\학교\2021 2학기\네트워크 게임 프로그래밍\termproject\crazyarcade\111a_api_gameproject\debug\digenie.obj
d:\학교\2021 2학기\네트워크 게임 프로그래밍\termproject\crazyarcade\111a_api_gameproject\debug\dao.obj
d:\학교\2021 2학기\네트워크 게임 프로그래밍\termproject\crazyarcade\111a_api_gameproject\debug\crazyarcade.obj
d:\학교\2021 2학기\네트워크 게임 프로그래밍\termproject\crazyarcade\111a_api_gameproject\debug\collidmanager.obj
d:\학교\2021 2학기\네트워크 게임 프로그래밍\termproject\crazyarcade\111a_api_gameproject\debug\clientmanager.obj
d:\학교\2021 2학기\네트워크 게임 프로그래밍\termproject\crazyarcade\111a_api_gameproject\debug\cnetworkstage.obj
d:\학교\2021 2학기\네트워크 게임 프로그래밍\termproject\crazyarcade\111a_api_gameproject\debug\bossbomb.obj
d:\학교\2021 2학기\네트워크 게임 프로그래밍\termproject\crazyarcade\111a_api_gameproject\debug\bombwave.obj
d:\학교\2021 2학기\네트워크 게임 프로그래밍\termproject\crazyarcade\111a_api_gameproject\debug\bomb.obj
d:\학교\2021 2학기\네트워크 게임 프로그래밍\termproject\crazyarcade\111a_api_gameproject\debug\bmpmanager.obj
d:\학교\2021 2학기\네트워크 게임 프로그래밍\termproject\crazyarcade\111a_api_gameproject\debug\bazzi.obj
d:\학교\2021 2학기\네트워크 게임 프로그래밍\termproject\crazyarcade\111a_api_gameproject\debug\basket.obj
d:\학교\2021 2학기\네트워크 게임 프로그래밍\termproject\crazyarcade\111a_api_gameproject\debug\skate.obj
d:\학교\2021 2학기\네트워크 게임 프로그래밍\termproject\crazyarcade\111a_api_gameproject\debug\scenemanager.obj
d:\학교\2021 2학기\네트워크 게임 프로그래밍\termproject\crazyarcade\111a_api_gameproject\debug\scene.obj
d:\학교\2021 2학기\네트워크 게임 프로그래밍\termproject\crazyarcade\111a_api_gameproject\debug\rock3.obj
d:\학교\2021 2학기\네트워크 게임 프로그래밍\termproject\crazyarcade\111a_api_gameproject\debug\rock2.obj
d:\학교\2021 2학기\네트워크 게임 프로그래밍\termproject\crazyarcade\111a_api_gameproject\debug\rock1.obj
d:\학교\2021 2학기\네트워크 게임 프로그래밍\termproject\crazyarcade\111a_api_gameproject\debug\objmanager.obj
d:\학교\2021 2학기\네트워크 게임 프로그래밍\termproject\crazyarcade\111a_api_gameproject\debug\obj.obj
d:\학교\2021 2학기\네트워크 게임 프로그래밍\termproject\crazyarcade\111a_api_gameproject\debug\mymenu.obj
d:\학교\2021 2학기\네트워크 게임 프로그래밍\termproject\crazyarcade\111a_api_gameproject\debug\myedit.obj
d:\학교\2021 2학기\네트워크 게임 프로그래밍\termproject\crazyarcade\111a_api_gameproject\debug\mybitmap.obj
d:\학교\2021 2학기\네트워크 게임 프로그래밍\termproject\crazyarcade\111a_api_gameproject\debug\messi.obj
d:\학교\2021 2학기\네트워크 게임 프로그래밍\termproject\crazyarcade\111a_api_gameproject\debug\mbape.obj
d:\학교\2021 2학기\네트워크 게임 프로그래밍\termproject\crazyarcade\111a_api_gameproject\debug\maxpotion.obj
d:\학교\2021 2학기\네트워크 게임 프로그래밍\termproject\crazyarcade\111a_api_gameproject\debug\maingame.obj
d:\학교\2021 2학기\네트워크 게임 프로그래밍\termproject\crazyarcade\111a_api_gameproject\debug\logo.obj
d:\학교\2021 2학기\네트워크 게임 프로그래밍\termproject\crazyarcade\111a_api_gameproject\debug\uni.obj
d:\학교\2021 2학기\네트워크 게임 프로그래밍\termproject\crazyarcade\111a_api_gameproject\debug\tilemanager.obj
d:\학교\2021 2학기\네트워크 게임 프로그래밍\termproject\crazyarcade\111a_api_gameproject\debug\tile.obj
d:\학교\2021 2학기\네트워크 게임 프로그래밍\termproject\crazyarcade\111a_api_gameproject\debug\stage_boss.obj
d:\학교\2021 2학기\네트워크 게임 프로그래밍\termproject\crazyarcade\111a_api_gameproject\debug\stage2.obj
d:\학교\2021 2학기\네트워크 게임 프로그래밍\termproject\crazyarcade\111a_api_gameproject\debug\stage1.obj
c:\users\고은비\documents\networkgameprogramming\crazyarcade\111a_api_gameproject\debug\111a_api_gameproject.ilk
c:\users\고은비\documents\networkgameprogramming\crazyarcade\debug\111a_api_gameproject.exe
c:\users\고은비\documents\networkgameprogramming\crazyarcade\debug\111a_api_gameproject.pdb
d:\학교\2021 2학기\네트워크 게임 프로그래밍\termproject\crazyarcade\111a_api_gameproject\debug\111a_api_gameproject.res
d:\학교\2021 2학기\네트워크 게임 프로그래밍\termproject\crazyarcade\debug\111a_api_gameproject.pdb
d:\학교\2021 2학기\네트워크 게임 프로그래밍\termproject\crazyarcade\111a_api_gameproject\debug\111a_api.7ed358be.tlog\cl.command.1.tlog
d:\학교\2021 2학기\네트워크 게임 프로그래밍\termproject\crazyarcade\111a_api_gameproject\debug\111a_api.7ed358be.tlog\cl.read.1.tlog
d:\학교\2021 2학기\네트워크 게임 프로그래밍\termproject\crazyarcade\111a_api_gameproject\debug\111a_api.7ed358be.tlog\cl.write.1.tlog
d:\학교\2021 2학기\네트워크 게임 프로그래밍\termproject\crazyarcade\111a_api_gameproject\debug\111a_api.7ed358be.tlog\link-cvtres.read.1.tlog
d:\학교\2021 2학기\네트워크 게임 프로그래밍\termproject\crazyarcade\111a_api_gameproject\debug\111a_api.7ed358be.tlog\link-cvtres.write.1.tlog
d:\학교\2021 2학기\네트워크 게임 프로그래밍\termproject\crazyarcade\111a_api_gameproject\debug\111a_api.7ed358be.tlog\link-rc.read.1.tlog
d:\학교\2021 2학기\네트워크 게임 프로그래밍\termproject\crazyarcade\111a_api_gameproject\debug\111a_api.7ed358be.tlog\link-rc.write.1.tlog
d:\학교\2021 2학기\네트워크 게임 프로그래밍\termproject\crazyarcade\111a_api_gameproject\debug\111a_api.7ed358be.tlog\link.3296-cvtres.read.1.tlog
d:\학교\2021 2학기\네트워크 게임 프로그래밍\termproject\crazyarcade\111a_api_gameproject\debug\111a_api.7ed358be.tlog\link.3296-cvtres.write.1.tlog
d:\학교\2021 2학기\네트워크 게임 프로그래밍\termproject\crazyarcade\111a_api_gameproject\debug\111a_api.7ed358be.tlog\link.3296-rc.read.1.tlog
d:\학교\2021 2학기\네트워크 게임 프로그래밍\termproject\crazyarcade\111a_api_gameproject\debug\111a_api.7ed358be.tlog\link.3296-rc.write.1.tlog
d:\학교\2021 2학기\네트워크 게임 프로그래밍\termproject\crazyarcade\111a_api_gameproject\debug\111a_api.7ed358be.tlog\link.3296.read.1.tlog
d:\학교\2021 2학기\네트워크 게임 프로그래밍\termproject\crazyarcade\111a_api_gameproject\debug\111a_api.7ed358be.tlog\link.3296.write.1.tlog
d:\학교\2021 2학기\네트워크 게임 프로그래밍\termproject\crazyarcade\111a_api_gameproject\debug\111a_api.7ed358be.tlog\link.command.1.tlog
d:\학교\2021 2학기\네트워크 게임 프로그래밍\termproject\crazyarcade\111a_api_gameproject\debug\111a_api.7ed358be.tlog\link.read.1.tlog
d:\학교\2021 2학기\네트워크 게임 프로그래밍\termproject\crazyarcade\111a_api_gameproject\debug\111a_api.7ed358be.tlog\link.write.1.tlog
d:\학교\2021 2학기\네트워크 게임 프로그래밍\termproject\crazyarcade\111a_api_gameproject\debug\111a_api.7ed358be.tlog\rc.command.1.tlog
d:\학교\2021 2학기\네트워크 게임 프로그래밍\termproject\crazyarcade\111a_api_gameproject\debug\111a_api.7ed358be.tlog\rc.read.1.tlog
d:\학교\2021 2학기\네트워크 게임 프로그래밍\termproject\crazyarcade\111a_api_gameproject\debug\111a_api.7ed358be.tlog\rc.write.1.tlog
