c:\users\wc542\onedrive\문서\6teamnetworkgameprogramming\server\server\debug\vc142.pdb
c:\users\wc542\onedrive\문서\6teamnetworkgameprogramming\server\server\debug\vc142.idb
c:\users\wc542\onedrive\문서\6teamnetworkgameprogramming\server\server\debug\timemanager.obj
c:\users\wc542\onedrive\문서\6teamnetworkgameprogramming\server\server\debug\tilemanager.obj
c:\users\wc542\onedrive\문서\6teamnetworkgameprogramming\server\server\debug\tile.obj
c:\users\wc542\onedrive\문서\6teamnetworkgameprogramming\server\server\debug\player.obj
c:\users\wc542\onedrive\문서\6teamnetworkgameprogramming\server\server\debug\objmanager.obj
c:\users\wc542\onedrive\문서\6teamnetworkgameprogramming\server\server\debug\obj.obj
c:\users\wc542\onedrive\문서\6teamnetworkgameprogramming\server\server\debug\messi.obj
c:\users\wc542\onedrive\문서\6teamnetworkgameprogramming\server\server\debug\mbape.obj
c:\users\wc542\onedrive\문서\6teamnetworkgameprogramming\server\server\debug\server.obj
c:\users\wc542\onedrive\문서\6teamnetworkgameprogramming\crazyarcade\debug\server.exe
c:\users\wc542\onedrive\문서\6teamnetworkgameprogramming\server\server\debug\server.ilk
c:\users\wc542\onedrive\문서\6teamnetworkgameprogramming\crazyarcade\debug\server.pdb
c:\users\wc542\onedrive\문서\6teamnetworkgameprogramming\server\server\debug\server.tlog\cl.command.1.tlog
c:\users\wc542\onedrive\문서\6teamnetworkgameprogramming\server\server\debug\server.tlog\cl.read.1.tlog
c:\users\wc542\onedrive\문서\6teamnetworkgameprogramming\server\server\debug\server.tlog\cl.write.1.tlog
c:\users\wc542\onedrive\문서\6teamnetworkgameprogramming\server\server\debug\server.tlog\link.command.1.tlog
c:\users\wc542\onedrive\문서\6teamnetworkgameprogramming\server\server\debug\server.tlog\link.read.1.tlog
c:\users\wc542\onedrive\문서\6teamnetworkgameprogramming\server\server\debug\server.tlog\link.write.1.tlog
